2025-07-25T11:28:08.066771Z  INFO tailwindcss_oxide::scanner: Provided sources:
2025-07-25T11:28:08.068883Z  INFO tailwindcss_oxide::scanner: Source: PublicSourceEntry { base: "E:\\Task\\secure-sight-app", pattern: "**/*", negated: false }
2025-07-25T11:28:08.072178Z  INFO tailwindcss_oxide::scanner: Optimized sources:
2025-07-25T11:28:08.072240Z  INFO tailwindcss_oxide::scanner: Source: Auto { base: "E:\\Task\\secure-sight-app" }
2025-07-25T11:28:08.085249Z  INFO scan_sources: tailwindcss_oxide::scanner: enter
2025-07-25T11:28:08.091268Z  INFO scan_sources: tailwindcss_oxide::scanner: Discovering "E:\\Task\\secure-sight-app\\eslint.config.mjs"
2025-07-25T11:28:08.091620Z  INFO scan_sources: tailwindcss_oxide::scanner: Discovering "E:\\Task\\secure-sight-app\\next.config.ts"
2025-07-25T11:28:08.092317Z  INFO scan_sources: tailwindcss_oxide::scanner: Discovering "E:\\Task\\secure-sight-app\\package.json"
2025-07-25T11:28:08.092425Z  INFO scan_sources: tailwindcss_oxide::scanner: Discovering "E:\\Task\\secure-sight-app\\postcss.config.mjs"
2025-07-25T11:28:08.092626Z  INFO scan_sources: tailwindcss_oxide::scanner: Discovering "E:\\Task\\secure-sight-app\\prisma"
2025-07-25T11:28:08.092854Z  INFO scan_sources: tailwindcss_oxide::scanner: Discovering "E:\\Task\\secure-sight-app\\prisma\\schema.prisma"
2025-07-25T11:28:08.093057Z  INFO scan_sources: tailwindcss_oxide::scanner: Discovering "E:\\Task\\secure-sight-app\\prisma\\seed.ts"
2025-07-25T11:28:08.093264Z  INFO scan_sources: tailwindcss_oxide::scanner: Discovering "E:\\Task\\secure-sight-app\\public"
2025-07-25T11:28:08.093461Z  INFO scan_sources: tailwindcss_oxide::scanner: Discovering "E:\\Task\\secure-sight-app\\public\\file.svg"
2025-07-25T11:28:08.093609Z  INFO scan_sources: tailwindcss_oxide::scanner: Discovering "E:\\Task\\secure-sight-app\\public\\globe.svg"
2025-07-25T11:28:08.093756Z  INFO scan_sources: tailwindcss_oxide::scanner: Discovering "E:\\Task\\secure-sight-app\\public\\next.svg"
2025-07-25T11:28:08.093878Z  INFO scan_sources: tailwindcss_oxide::scanner: Discovering "E:\\Task\\secure-sight-app\\public\\vercel.svg"
2025-07-25T11:28:08.093974Z  INFO scan_sources: tailwindcss_oxide::scanner: Discovering "E:\\Task\\secure-sight-app\\public\\window.svg"
2025-07-25T11:28:08.094120Z  INFO scan_sources: tailwindcss_oxide::scanner: Discovering "E:\\Task\\secure-sight-app\\README.md"
2025-07-25T11:28:08.094750Z  INFO scan_sources: tailwindcss_oxide::scanner: Discovering "E:\\Task\\secure-sight-app\\src"
2025-07-25T11:28:08.095297Z  INFO scan_sources: tailwindcss_oxide::scanner: Discovering "E:\\Task\\secure-sight-app\\src\\app"
2025-07-25T11:28:08.095822Z  INFO scan_sources: tailwindcss_oxide::scanner: Discovering "E:\\Task\\secure-sight-app\\src\\app\\3d"
2025-07-25T11:28:08.096389Z  INFO scan_sources: tailwindcss_oxide::scanner: Discovering "E:\\Task\\secure-sight-app\\src\\app\\3d\\page.tsx"
2025-07-25T11:28:08.096995Z  INFO scan_sources: tailwindcss_oxide::scanner: Discovering "E:\\Task\\secure-sight-app\\src\\app\\api"
2025-07-25T11:28:08.097390Z  INFO scan_sources: tailwindcss_oxide::scanner: Discovering "E:\\Task\\secure-sight-app\\src\\app\\api\\cameras"
2025-07-25T11:28:08.097654Z  INFO scan_sources: tailwindcss_oxide::scanner: Discovering "E:\\Task\\secure-sight-app\\src\\app\\api\\cameras\\route.ts"
2025-07-25T11:28:08.098006Z  INFO scan_sources: tailwindcss_oxide::scanner: Discovering "E:\\Task\\secure-sight-app\\src\\app\\api\\incidents"
2025-07-25T11:28:08.098194Z  INFO scan_sources: tailwindcss_oxide::scanner: Discovering "E:\\Task\\secure-sight-app\\src\\app\\api\\incidents\\route.ts"
2025-07-25T11:28:08.098306Z  INFO scan_sources: tailwindcss_oxide::scanner: Discovering "E:\\Task\\secure-sight-app\\src\\app\\api\\incidents\\[id]"
2025-07-25T11:28:08.098482Z  INFO scan_sources: tailwindcss_oxide::scanner: Discovering "E:\\Task\\secure-sight-app\\src\\app\\api\\incidents\\[id]\\resolve"
2025-07-25T11:28:08.098623Z  INFO scan_sources: tailwindcss_oxide::scanner: Discovering "E:\\Task\\secure-sight-app\\src\\app\\api\\incidents\\[id]\\route.ts"
2025-07-25T11:28:08.098752Z  INFO scan_sources: tailwindcss_oxide::scanner: Discovering "E:\\Task\\secure-sight-app\\src\\app\\api\\placeholder"
2025-07-25T11:28:08.099006Z  INFO scan_sources: tailwindcss_oxide::scanner: Discovering "E:\\Task\\secure-sight-app\\src\\app\\api\\placeholder\\[...dimensions]"
2025-07-25T11:28:08.099180Z  INFO scan_sources: tailwindcss_oxide::scanner: Discovering "E:\\Task\\secure-sight-app\\src\\app\\api\\placeholder\\[...dimensions]\\route.ts"
2025-07-25T11:28:08.099378Z  INFO scan_sources: tailwindcss_oxide::scanner: Discovering "E:\\Task\\secure-sight-app\\src\\app\\api\\videos"
2025-07-25T11:28:08.099497Z  INFO scan_sources: tailwindcss_oxide::scanner: Discovering "E:\\Task\\secure-sight-app\\src\\app\\api\\videos\\route.ts"
2025-07-25T11:28:08.099627Z  INFO scan_sources: tailwindcss_oxide::scanner: Discovering "E:\\Task\\secure-sight-app\\src\\app\\components"
2025-07-25T11:28:08.099758Z  INFO scan_sources: tailwindcss_oxide::scanner: Discovering "E:\\Task\\secure-sight-app\\src\\app\\components\\CameraGrid.tsx"
2025-07-25T11:28:08.099815Z  INFO scan_sources: tailwindcss_oxide::scanner: Discovering "E:\\Task\\secure-sight-app\\src\\app\\components\\CameraList.tsx"
2025-07-25T11:28:08.099872Z  INFO scan_sources: tailwindcss_oxide::scanner: Discovering "E:\\Task\\secure-sight-app\\src\\app\\components\\Header.tsx"
2025-07-25T11:28:08.099925Z  INFO scan_sources: tailwindcss_oxide::scanner: Discovering "E:\\Task\\secure-sight-app\\src\\app\\components\\IncidentsList.tsx"
2025-07-25T11:28:08.099979Z  INFO scan_sources: tailwindcss_oxide::scanner: Discovering "E:\\Task\\secure-sight-app\\src\\app\\components\\MobileNavItem.tsx"
2025-07-25T11:28:08.100045Z  INFO scan_sources: tailwindcss_oxide::scanner: Discovering "E:\\Task\\secure-sight-app\\src\\app\\components\\NavItem.tsx"
2025-07-25T11:28:08.100120Z  INFO scan_sources: tailwindcss_oxide::scanner: Discovering "E:\\Task\\secure-sight-app\\src\\app\\components\\Timeline.tsx"
2025-07-25T11:28:08.100215Z  INFO scan_sources: tailwindcss_oxide::scanner: Discovering "E:\\Task\\secure-sight-app\\src\\app\\components\\VideoPlayer.tsx"
2025-07-25T11:28:08.100343Z  INFO scan_sources: tailwindcss_oxide::scanner: Discovering "E:\\Task\\secure-sight-app\\src\\app\\context"
2025-07-25T11:28:08.100451Z  INFO scan_sources: tailwindcss_oxide::scanner: Discovering "E:\\Task\\secure-sight-app\\src\\app\\context\\ThemeContext.tsx"
2025-07-25T11:28:08.100547Z  INFO scan_sources: tailwindcss_oxide::scanner: Discovering "E:\\Task\\secure-sight-app\\src\\app\\dashboard"
2025-07-25T11:28:08.100659Z  INFO scan_sources: tailwindcss_oxide::scanner: Discovering "E:\\Task\\secure-sight-app\\src\\app\\dashboard\\page.tsx"
2025-07-25T11:28:08.100743Z  INFO scan_sources: tailwindcss_oxide::scanner: Discovering "E:\\Task\\secure-sight-app\\src\\app\\globals.css"
2025-07-25T11:28:08.100795Z  INFO scan_sources: tailwindcss_oxide::scanner: Discovering "E:\\Task\\secure-sight-app\\src\\app\\layout.tsx"
2025-07-25T11:28:08.100844Z  INFO scan_sources: tailwindcss_oxide::scanner: Discovering "E:\\Task\\secure-sight-app\\src\\app\\page.tsx"
2025-07-25T11:28:08.100929Z  INFO scan_sources: tailwindcss_oxide::scanner: Discovering "E:\\Task\\secure-sight-app\\src\\app\\styles"
2025-07-25T11:28:08.101033Z  INFO scan_sources: tailwindcss_oxide::scanner: Discovering "E:\\Task\\secure-sight-app\\src\\app\\styles\\dashboard.css"
2025-07-25T11:28:08.101163Z  INFO scan_sources: tailwindcss_oxide::scanner: Discovering "E:\\Task\\secure-sight-app\\src\\app\\types"
2025-07-25T11:28:08.101303Z  INFO scan_sources: tailwindcss_oxide::scanner: Discovering "E:\\Task\\secure-sight-app\\src\\app\\types\\index.ts"
2025-07-25T11:28:08.101430Z  INFO scan_sources: tailwindcss_oxide::scanner: Discovering "E:\\Task\\secure-sight-app\\tsconfig.json"
2025-07-25T11:28:08.101539Z  INFO scan_sources: tailwindcss_oxide::scanner: exit
2025-07-25T11:28:08.101550Z  INFO extract_candidates: tailwindcss_oxide::scanner: enter
2025-07-25T11:28:08.101559Z  INFO extract_candidates:read_all_files: tailwindcss_oxide::scanner: enter
2025-07-25T11:28:08.101608Z  INFO extract_candidates:read_all_files: tailwindcss_oxide::scanner: Reading 32 file(s)
2025-07-25T11:28:08.102683Z  INFO tailwindcss_oxide::scanner: Reading "E:\\Task\\secure-sight-app\\postcss.config.mjs"
2025-07-25T11:28:08.102683Z  INFO tailwindcss_oxide::scanner: Reading "E:\\Task\\secure-sight-app\\next.config.ts"
2025-07-25T11:28:08.102732Z  INFO tailwindcss_oxide::scanner: Reading "E:\\Task\\secure-sight-app\\eslint.config.mjs"
2025-07-25T11:28:08.102689Z  INFO tailwindcss_oxide::scanner: Reading "E:\\Task\\secure-sight-app\\src\\app\\3d\\page.tsx"
2025-07-25T11:28:08.102848Z  INFO tailwindcss_oxide::scanner: Reading "E:\\Task\\secure-sight-app\\public\\window.svg"
2025-07-25T11:28:08.102848Z  INFO tailwindcss_oxide::scanner: Reading "E:\\Task\\secure-sight-app\\src\\app\\api\\placeholder\\[...dimensions]\\route.ts"
2025-07-25T11:28:08.102890Z  INFO tailwindcss_oxide::scanner: Reading "E:\\Task\\secure-sight-app\\src\\app\\api\\incidents\\route.ts"
2025-07-25T11:28:08.102933Z  INFO tailwindcss_oxide::scanner: Reading "E:\\Task\\secure-sight-app\\src\\app\\api\\cameras\\route.ts"
2025-07-25T11:28:08.102693Z  INFO tailwindcss_oxide::scanner: Reading "E:\\Task\\secure-sight-app\\package.json"
2025-07-25T11:28:08.102996Z  INFO tailwindcss_oxide::scanner: Reading "E:\\Task\\secure-sight-app\\README.md"
2025-07-25T11:28:08.103005Z  INFO tailwindcss_oxide::scanner: Reading "E:\\Task\\secure-sight-app\\public\\next.svg"
2025-07-25T11:28:08.103052Z  INFO tailwindcss_oxide::scanner: Reading "E:\\Task\\secure-sight-app\\src\\app\\layout.tsx"
2025-07-25T11:28:08.103119Z  INFO tailwindcss_oxide::scanner: Reading "E:\\Task\\secure-sight-app\\src\\app\\api\\incidents\\[id]\\route.ts"
2025-07-25T11:28:08.103131Z  INFO tailwindcss_oxide::scanner: Reading "E:\\Task\\secure-sight-app\\src\\app\\context\\ThemeContext.tsx"
2025-07-25T11:28:08.103104Z  INFO tailwindcss_oxide::scanner: Reading "E:\\Task\\secure-sight-app\\prisma\\schema.prisma"
2025-07-25T11:28:08.103147Z  INFO tailwindcss_oxide::scanner: Reading "E:\\Task\\secure-sight-app\\src\\app\\page.tsx"
2025-07-25T11:28:08.103160Z  INFO tailwindcss_oxide::scanner: Reading "E:\\Task\\secure-sight-app\\public\\vercel.svg"
2025-07-25T11:28:08.103171Z  INFO tailwindcss_oxide::scanner: Reading "E:\\Task\\secure-sight-app\\src\\app\\api\\videos\\route.ts"
2025-07-25T11:28:08.103130Z  INFO tailwindcss_oxide::scanner: Reading "E:\\Task\\secure-sight-app\\src\\app\\components\\Header.tsx"
2025-07-25T11:28:08.103229Z  INFO tailwindcss_oxide::scanner: Reading "E:\\Task\\secure-sight-app\\src\\app\\dashboard\\page.tsx"
2025-07-25T11:28:08.103235Z  INFO tailwindcss_oxide::scanner: Reading "E:\\Task\\secure-sight-app\\prisma\\seed.ts"
2025-07-25T11:28:08.103275Z  INFO tailwindcss_oxide::scanner: Reading "E:\\Task\\secure-sight-app\\public\\file.svg"
2025-07-25T11:28:08.103325Z  INFO tailwindcss_oxide::scanner: Reading "E:\\Task\\secure-sight-app\\src\\app\\components\\CameraList.tsx"
2025-07-25T11:28:08.103332Z  INFO tailwindcss_oxide::scanner: Reading "E:\\Task\\secure-sight-app\\src\\app\\components\\IncidentsList.tsx"
2025-07-25T11:28:08.103374Z  INFO tailwindcss_oxide::scanner: Reading "E:\\Task\\secure-sight-app\\src\\app\\components\\VideoPlayer.tsx"
2025-07-25T11:28:08.103377Z  INFO tailwindcss_oxide::scanner: Reading "E:\\Task\\secure-sight-app\\src\\app\\components\\CameraGrid.tsx"
2025-07-25T11:28:08.103386Z  INFO tailwindcss_oxide::scanner: Reading "E:\\Task\\secure-sight-app\\src\\app\\components\\MobileNavItem.tsx"
2025-07-25T11:28:08.103394Z  INFO tailwindcss_oxide::scanner: Reading "E:\\Task\\secure-sight-app\\src\\app\\components\\Timeline.tsx"
2025-07-25T11:28:08.103419Z  INFO tailwindcss_oxide::scanner: Reading "E:\\Task\\secure-sight-app\\tsconfig.json"
2025-07-25T11:28:08.103436Z  INFO tailwindcss_oxide::scanner: Reading "E:\\Task\\secure-sight-app\\src\\app\\types\\index.ts"
2025-07-25T11:28:08.103529Z  INFO tailwindcss_oxide::scanner: Reading "E:\\Task\\secure-sight-app\\src\\app\\components\\NavItem.tsx"
2025-07-25T11:28:08.104453Z  INFO tailwindcss_oxide::scanner: Reading "E:\\Task\\secure-sight-app\\public\\globe.svg"
2025-07-25T11:28:08.104873Z  INFO extract_candidates:read_all_files: tailwindcss_oxide::scanner: exit
2025-07-25T11:28:08.104896Z  INFO extract_candidates:parse_all_blobs: tailwindcss_oxide::scanner: enter
2025-07-25T11:28:08.104902Z  INFO extract_candidates:parse_all_blobs:extract: tailwindcss_oxide::scanner: enter
2025-07-25T11:28:08.105820Z  INFO extract_candidates:parse_all_blobs:extract: tailwindcss_oxide::scanner: exit
2025-07-25T11:28:08.105841Z  INFO extract_candidates:parse_all_blobs: tailwindcss_oxide::scanner: exit
2025-07-25T11:28:08.105847Z  INFO extract_candidates:read_all_files: tailwindcss_oxide::scanner: enter
2025-07-25T11:28:08.105850Z  INFO extract_candidates:read_all_files: tailwindcss_oxide::scanner: Reading 2 file(s)
2025-07-25T11:28:08.106002Z  INFO tailwindcss_oxide::scanner: Reading "E:\\Task\\secure-sight-app\\src\\app\\globals.css"
2025-07-25T11:28:08.106285Z  INFO tailwindcss_oxide::scanner: Reading "E:\\Task\\secure-sight-app\\src\\app\\styles\\dashboard.css"
2025-07-25T11:28:08.106317Z  INFO extract_candidates:read_all_files: tailwindcss_oxide::scanner: exit
2025-07-25T11:28:08.106346Z  INFO extract_candidates:extract_css_variables: tailwindcss_oxide::scanner: enter
2025-07-25T11:28:08.106358Z  INFO extract_candidates:extract_css_variables:extract: tailwindcss_oxide::scanner: enter
2025-07-25T11:28:08.106505Z  INFO extract_candidates:extract_css_variables:extract: tailwindcss_oxide::scanner: exit
2025-07-25T11:28:08.106540Z  INFO extract_candidates:extract_css_variables: tailwindcss_oxide::scanner: exit
2025-07-25T11:28:08.107185Z  INFO extract_candidates: tailwindcss_oxide::scanner: exit
2025-07-25T11:28:08.111527Z  INFO get_files: tailwindcss_oxide::scanner: enter
2025-07-25T11:28:08.111578Z  INFO get_files:scan_sources: tailwindcss_oxide::scanner: enter
2025-07-25T11:28:08.114570Z  INFO get_files:scan_sources: tailwindcss_oxide::scanner: Discovering "E:\\Task\\secure-sight-app\\prisma"
2025-07-25T11:28:08.115090Z  INFO get_files:scan_sources: tailwindcss_oxide::scanner: Discovering "E:\\Task\\secure-sight-app\\public"
2025-07-25T11:28:08.116723Z  INFO get_files:scan_sources: tailwindcss_oxide::scanner: Discovering "E:\\Task\\secure-sight-app\\src"
2025-07-25T11:28:08.117720Z  INFO get_files:scan_sources: tailwindcss_oxide::scanner: Discovering "E:\\Task\\secure-sight-app\\src\\app"
2025-07-25T11:28:08.120356Z  INFO get_files:scan_sources: tailwindcss_oxide::scanner: Discovering "E:\\Task\\secure-sight-app\\src\\app\\3d"
2025-07-25T11:28:08.121275Z  INFO get_files:scan_sources: tailwindcss_oxide::scanner: Discovering "E:\\Task\\secure-sight-app\\src\\app\\api"
2025-07-25T11:28:08.121579Z  INFO get_files:scan_sources: tailwindcss_oxide::scanner: Discovering "E:\\Task\\secure-sight-app\\src\\app\\api\\cameras"
2025-07-25T11:28:08.121836Z  INFO get_files:scan_sources: tailwindcss_oxide::scanner: Discovering "E:\\Task\\secure-sight-app\\src\\app\\api\\incidents"
2025-07-25T11:28:08.122011Z  INFO get_files:scan_sources: tailwindcss_oxide::scanner: Discovering "E:\\Task\\secure-sight-app\\src\\app\\api\\incidents\\[id]"
2025-07-25T11:28:08.122179Z  INFO get_files:scan_sources: tailwindcss_oxide::scanner: Discovering "E:\\Task\\secure-sight-app\\src\\app\\api\\incidents\\[id]\\resolve"
2025-07-25T11:28:08.122548Z  INFO get_files:scan_sources: tailwindcss_oxide::scanner: Discovering "E:\\Task\\secure-sight-app\\src\\app\\api\\placeholder"
2025-07-25T11:28:08.122734Z  INFO get_files:scan_sources: tailwindcss_oxide::scanner: Discovering "E:\\Task\\secure-sight-app\\src\\app\\api\\placeholder\\[...dimensions]"
2025-07-25T11:28:08.122941Z  INFO get_files:scan_sources: tailwindcss_oxide::scanner: Discovering "E:\\Task\\secure-sight-app\\src\\app\\api\\videos"
2025-07-25T11:28:08.123147Z  INFO get_files:scan_sources: tailwindcss_oxide::scanner: Discovering "E:\\Task\\secure-sight-app\\src\\app\\components"
2025-07-25T11:28:08.123527Z  INFO get_files:scan_sources: tailwindcss_oxide::scanner: Discovering "E:\\Task\\secure-sight-app\\src\\app\\context"
2025-07-25T11:28:08.123774Z  INFO get_files:scan_sources: tailwindcss_oxide::scanner: Discovering "E:\\Task\\secure-sight-app\\src\\app\\dashboard"
2025-07-25T11:28:08.124039Z  INFO get_files:scan_sources: tailwindcss_oxide::scanner: Discovering "E:\\Task\\secure-sight-app\\src\\app\\styles"
2025-07-25T11:28:08.124213Z  INFO get_files:scan_sources: tailwindcss_oxide::scanner: Discovering "E:\\Task\\secure-sight-app\\src\\app\\types"
2025-07-25T11:28:08.124476Z  INFO get_files:scan_sources: tailwindcss_oxide::scanner: exit
2025-07-25T11:28:08.124558Z  INFO get_files: tailwindcss_oxide::scanner: exit
2025-07-25T11:28:08.124840Z  INFO get_globs: tailwindcss_oxide::scanner: enter
2025-07-25T11:28:08.124851Z  INFO get_globs:scan_sources: tailwindcss_oxide::scanner: enter
2025-07-25T11:28:08.126303Z  INFO get_globs:scan_sources: tailwindcss_oxide::scanner: Discovering "E:\\Task\\secure-sight-app\\prisma"
2025-07-25T11:28:08.126983Z  INFO get_globs:scan_sources: tailwindcss_oxide::scanner: Discovering "E:\\Task\\secure-sight-app\\public"
2025-07-25T11:28:08.127539Z  INFO get_globs:scan_sources: tailwindcss_oxide::scanner: Discovering "E:\\Task\\secure-sight-app\\src"
2025-07-25T11:28:08.127932Z  INFO get_globs:scan_sources: tailwindcss_oxide::scanner: Discovering "E:\\Task\\secure-sight-app\\src\\app"
2025-07-25T11:28:08.128137Z  INFO get_globs:scan_sources: tailwindcss_oxide::scanner: Discovering "E:\\Task\\secure-sight-app\\src\\app\\3d"
2025-07-25T11:28:08.128428Z  INFO get_globs:scan_sources: tailwindcss_oxide::scanner: Discovering "E:\\Task\\secure-sight-app\\src\\app\\api"
2025-07-25T11:28:08.128651Z  INFO get_globs:scan_sources: tailwindcss_oxide::scanner: Discovering "E:\\Task\\secure-sight-app\\src\\app\\api\\cameras"
2025-07-25T11:28:08.128984Z  INFO get_globs:scan_sources: tailwindcss_oxide::scanner: Discovering "E:\\Task\\secure-sight-app\\src\\app\\api\\incidents"
2025-07-25T11:28:08.129308Z  INFO get_globs:scan_sources: tailwindcss_oxide::scanner: Discovering "E:\\Task\\secure-sight-app\\src\\app\\api\\incidents\\[id]"
2025-07-25T11:28:08.129493Z  INFO get_globs:scan_sources: tailwindcss_oxide::scanner: Discovering "E:\\Task\\secure-sight-app\\src\\app\\api\\incidents\\[id]\\resolve"
2025-07-25T11:28:08.129773Z  INFO get_globs:scan_sources: tailwindcss_oxide::scanner: Discovering "E:\\Task\\secure-sight-app\\src\\app\\api\\placeholder"
2025-07-25T11:28:08.129916Z  INFO get_globs:scan_sources: tailwindcss_oxide::scanner: Discovering "E:\\Task\\secure-sight-app\\src\\app\\api\\placeholder\\[...dimensions]"
2025-07-25T11:28:08.130173Z  INFO get_globs:scan_sources: tailwindcss_oxide::scanner: Discovering "E:\\Task\\secure-sight-app\\src\\app\\api\\videos"
2025-07-25T11:28:08.130948Z  INFO get_globs:scan_sources: tailwindcss_oxide::scanner: Discovering "E:\\Task\\secure-sight-app\\src\\app\\components"
2025-07-25T11:28:08.132126Z  INFO get_globs:scan_sources: tailwindcss_oxide::scanner: Discovering "E:\\Task\\secure-sight-app\\src\\app\\context"
2025-07-25T11:28:08.132974Z  INFO get_globs:scan_sources: tailwindcss_oxide::scanner: Discovering "E:\\Task\\secure-sight-app\\src\\app\\dashboard"
2025-07-25T11:28:08.133714Z  INFO get_globs:scan_sources: tailwindcss_oxide::scanner: Discovering "E:\\Task\\secure-sight-app\\src\\app\\styles"
2025-07-25T11:28:08.134174Z  INFO get_globs:scan_sources: tailwindcss_oxide::scanner: Discovering "E:\\Task\\secure-sight-app\\src\\app\\types"
2025-07-25T11:28:08.134984Z  INFO get_globs:scan_sources: tailwindcss_oxide::scanner: exit
2025-07-25T11:28:08.138777Z  INFO get_globs: tailwindcss_oxide::scanner: exit
